c:\users\droplet\source\repos\study_note\study_note\x64\debug\vc141.pdb
c:\users\droplet\source\repos\study_note\study_note\x64\debug\vc141.idb
c:\users\droplet\source\repos\study_note\study_note\x64\debug\func.obj
c:\users\droplet\source\repos\study_note\study_note\x64\debug\support.obj
c:\users\droplet\source\repos\study_note\study_note\x64\debug\basic.obj
c:\users\droplet\source\repos\study_note\study_note\x64\debug\oop.obj
c:\users\droplet\source\repos\study_note\study_note\x64\debug\oop1.obj
c:\users\droplet\source\repos\study_note\study_note\x64\debug\oop2.obj
c:\users\droplet\source\repos\study_note\study_note\x64\debug\advance.obj
c:\users\droplet\source\repos\study_note\study_note\x64\debug\get_folder_files.obj
c:\users\droplet\source\repos\study_note\x64\debug\study_note.exe
c:\users\droplet\source\repos\study_note\x64\debug\study_note.ilk
c:\users\droplet\source\repos\study_note\x64\debug\study_note.pdb
c:\users\droplet\source\repos\study_note\study_note\x64\debug\basic.nativecodeanalysis.xml
c:\users\droplet\source\repos\study_note\study_note\x64\debug\func.nativecodeanalysis.xml
c:\users\droplet\source\repos\study_note\study_note\x64\debug\support.nativecodeanalysis.xml
c:\users\droplet\source\repos\study_note\study_note\x64\debug\study_note.tlog\cl.command.1.tlog
c:\users\droplet\source\repos\study_note\study_note\x64\debug\study_note.tlog\cl.read.1.tlog
c:\users\droplet\source\repos\study_note\study_note\x64\debug\study_note.tlog\cl.write.1.tlog
c:\users\droplet\source\repos\study_note\study_note\x64\debug\study_note.tlog\link.command.1.tlog
c:\users\droplet\source\repos\study_note\study_note\x64\debug\study_note.tlog\link.read.1.tlog
c:\users\droplet\source\repos\study_note\study_note\x64\debug\study_note.tlog\link.write.1.tlog
